Using pre-set license
Built from '2020.3/staging' branch; Version is '2020.3.3f1 (76626098c1c4) revision 7758432'; Using compiler version '192528614'; Build Type 'Release'
OS: 'Windows 10 Home; OS build 19041.928; Version 2004; 64bit' Language: 'es' Physical Memory: 16318 MB
BatchMode: 1, IsHumanControllingUs: 0, StartBugReporterOnCrash: 0, Is64bit: 1, IsPro: 0

 COMMAND LINE ARGUMENTS:
C:\Program Files\Unity\Hub\Editor\2020.3.3f1\Editor\Unity.exe
-adb2
-batchMode
-noUpm
-name
AssetImportWorker0
-projectPath
D:/Unity Projects/Arkanoid
-logFile
Logs/AssetImportWorker0.log
-srvPort
62587
Successfully changed project path to: D:/Unity Projects/Arkanoid
D:/Unity Projects/Arkanoid
Using Asset Import Pipeline V2.
Refreshing native plugins compatible for Editor in 41.57 ms, found 1 plugins.
Preloading 0 native plugins for Editor in 0.00 ms.
Initialize engine version: 2020.3.3f1 (76626098c1c4)
[Subsystems] Discovering subsystems at path C:/Program Files/Unity/Hub/Editor/2020.3.3f1/Editor/Data/Resources/UnitySubsystems
[Subsystems] Discovering subsystems at path D:/Unity Projects/Arkanoid/Assets
GfxDevice: creating device client; threaded=0
Direct3D:
    Version:  Direct3D 11.0 [level 11.1]
    Renderer: NVIDIA GeForce GTX 1660 Ti (ID=0x2182)
    Vendor:   
    VRAM:     5991 MB
    Driver:   27.21.14.6589
Initialize mono
Mono path[0] = 'C:/Program Files/Unity/Hub/Editor/2020.3.3f1/Editor/Data/Managed'
Mono path[1] = 'C:/Program Files/Unity/Hub/Editor/2020.3.3f1/Editor/Data/MonoBleedingEdge/lib/mono/unityjit'
Mono config path = 'C:/Program Files/Unity/Hub/Editor/2020.3.3f1/Editor/Data/MonoBleedingEdge/etc'
Using monoOptions --debugger-agent=transport=dt_socket,embedding=1,server=y,suspend=n,address=127.0.0.1:56944
Begin MonoManager ReloadAssembly
Registering precompiled unity dll's ...
Register platform support module: C:/Program Files/Unity/Hub/Editor/2020.3.3f1/Editor/Data/PlaybackEngines/WindowsStandaloneSupport/UnityEditor.WindowsStandalone.Extensions.dll
Registered in 0.002557 seconds.
Native extension for WindowsStandalone target not found
Refreshing native plugins compatible for Editor in 36.15 ms, found 1 plugins.
Preloading 0 native plugins for Editor in 0.00 ms.
Invoked RoslynAnalysisRunner static constructor.
RoslynAnalysisRunner will not be running.
RoslynAnalysisRunner has terminated.
Mono: successfully reloaded assembly
- Completed reload, in  1.161 seconds
Platform modules already initialized, skipping
Registering precompiled user dll's ...
Registered in 0.001244 seconds.
Begin MonoManager ReloadAssembly
Native extension for WindowsStandalone target not found
Refreshing native plugins compatible for Editor in 34.48 ms, found 1 plugins.
Preloading 0 native plugins for Editor in 0.00 ms.
Invoked RoslynAnalysisRunner static constructor.
RoslynAnalysisRunner will not be running.
RoslynAnalysisRunner has terminated.
Mono: successfully reloaded assembly
- Completed reload, in  0.927 seconds
Platform modules already initialized, skipping
========================================================================
Worker process is ready to serve import requests
Launched and connected shader compiler UnityShaderCompiler.exe after 0.05 seconds
Refreshing native plugins compatible for Editor in 0.31 ms, found 1 plugins.
Preloading 0 native plugins for Editor in 0.00 ms.
Unloading 1811 Unused Serialized files (Serialized files now loaded: 0)
System memory in use before: 84.9 MB.
System memory in use after: 84.9 MB.

Unloading 24 unused Assets to reduce memory usage. Loaded Objects now: 2253.
Total: 5.300700 ms (FindLiveObjects: 0.905600 ms CreateObjectMapping: 0.282900 ms MarkObjects: 3.874000 ms  DeleteObjects: 0.235600 ms)

========================================================================
Received Import Request.
  path: Assets/sprites/block_pink.png
  artifactKey: Guid(a9c8ec8232b7f3d438ccdfad8a771f80) Importer(815301076,1909f56bfc062723c751e8b465ee728b)
Start importing Assets/sprites/block_pink.png using Guid(a9c8ec8232b7f3d438ccdfad8a771f80) Importer(815301076,1909f56bfc062723c751e8b465ee728b)  -> (artifact id: '3d5dcedeea773360a55717a97ee17977') in 0.128243 seconds
  Import took 0.135374 seconds .

========================================================================
Received Import Request.
  Time since last request: 0.000499 seconds.
  path: Assets/sprites/racket.png
  artifactKey: Guid(c73051caf03635045a1849f4f0f008c1) Importer(815301076,1909f56bfc062723c751e8b465ee728b)
Start importing Assets/sprites/racket.png using Guid(c73051caf03635045a1849f4f0f008c1) Importer(815301076,1909f56bfc062723c751e8b465ee728b)  -> (artifact id: '3098e02207d4b70c5d3b0229902bbd4e') in 0.010619 seconds
  Import took 0.014054 seconds .

========================================================================
Received Import Request.
  Time since last request: 0.000219 seconds.
  path: Assets/Scenes
  artifactKey: Guid(d28d7cb3dd6537343b1abc10a4483e9d) Importer(815301076,1909f56bfc062723c751e8b465ee728b)
Start importing Assets/Scenes using Guid(d28d7cb3dd6537343b1abc10a4483e9d) Importer(815301076,1909f56bfc062723c751e8b465ee728b)  -> (artifact id: '3ed0ebbf029866573079fb18df4889a9') in 0.002149 seconds
  Import took 0.005042 seconds .

========================================================================
Received Import Request.
  Time since last request: 0.000279 seconds.
  path: Assets/sprites/border_left.png
  artifactKey: Guid(0c89fa3332f75be4fa07d1d57dc2b3f8) Importer(815301076,1909f56bfc062723c751e8b465ee728b)
Start importing Assets/sprites/border_left.png using Guid(0c89fa3332f75be4fa07d1d57dc2b3f8) Importer(815301076,1909f56bfc062723c751e8b465ee728b)  -> (artifact id: 'aaee895aededb51e421cdd3ce7a51b79') in 0.010895 seconds
  Import took 0.014652 seconds .

========================================================================
Received Import Request.
  Time since last request: 0.000246 seconds.
  path: Assets/Scenes
  artifactKey: Guid(d28d7cb3dd6537343b1abc10a4483e9d) Importer(815301076,1909f56bfc062723c751e8b465ee728b)
Start importing Assets/Scenes using Guid(d28d7cb3dd6537343b1abc10a4483e9d) Importer(815301076,1909f56bfc062723c751e8b465ee728b)  -> (artifact id: '3ed0ebbf029866573079fb18df4889a9') in 0.002064 seconds
  Import took 0.004863 seconds .

========================================================================
Received Import Request.
  Time since last request: 0.000266 seconds.
  path: Assets/sprites/border_right.png
  artifactKey: Guid(d92b93e0bf7b14a4c8224ff3e38d96da) Importer(815301076,1909f56bfc062723c751e8b465ee728b)
Start importing Assets/sprites/border_right.png using Guid(d92b93e0bf7b14a4c8224ff3e38d96da) Importer(815301076,1909f56bfc062723c751e8b465ee728b)  -> (artifact id: '17c7eacb00a6e3b4b388c0771cdfbb26') in 0.011846 seconds
  Import took 0.014568 seconds .

========================================================================
Received Import Request.
  Time since last request: 0.000251 seconds.
  path: Assets/sprites/ball.png
  artifactKey: Guid(b4bdf356c7762eb4d98736fad7b29c22) Importer(815301076,1909f56bfc062723c751e8b465ee728b)
Start importing Assets/sprites/ball.png using Guid(b4bdf356c7762eb4d98736fad7b29c22) Importer(815301076,1909f56bfc062723c751e8b465ee728b)  -> (artifact id: '1c58a4c6584af1aad48fec78beab7ddf') in 0.010086 seconds
  Import took 0.013174 seconds .

========================================================================
Received Import Request.
  Time since last request: 0.000302 seconds.
  path: Assets/sprites/block_yellow.png
  artifactKey: Guid(405718e91cb132448bd326d54e0b8e78) Importer(815301076,1909f56bfc062723c751e8b465ee728b)
Start importing Assets/sprites/block_yellow.png using Guid(405718e91cb132448bd326d54e0b8e78) Importer(815301076,1909f56bfc062723c751e8b465ee728b)  -> (artifact id: 'eb4b1ee4e0bfa74afb2c6b5f4609de38') in 0.010094 seconds
  Import took 0.012887 seconds .

========================================================================
Received Import Request.
  Time since last request: 0.000260 seconds.
  path: Assets/sprites/hexagon_pattern.png
  artifactKey: Guid(9ac26c4958a16c940b9d2e3413454270) Importer(815301076,1909f56bfc062723c751e8b465ee728b)
Start importing Assets/sprites/hexagon_pattern.png using Guid(9ac26c4958a16c940b9d2e3413454270) Importer(815301076,1909f56bfc062723c751e8b465ee728b)  -> (artifact id: '39069f1acfbdf3a6293177f700b656e1') in 0.017450 seconds
  Import took 0.020273 seconds .

========================================================================
Received Import Request.
  Time since last request: 0.000203 seconds.
  path: Assets/sprites/block_green.png
  artifactKey: Guid(ce71feb479cfc594b8586e324e464a9e) Importer(815301076,1909f56bfc062723c751e8b465ee728b)
Start importing Assets/sprites/block_green.png using Guid(ce71feb479cfc594b8586e324e464a9e) Importer(815301076,1909f56bfc062723c751e8b465ee728b)  -> (artifact id: 'b92c661e75169ed6eee856600487c15e') in 0.007602 seconds
  Import took 0.010509 seconds .

========================================================================
Received Import Request.
  Time since last request: 0.000357 seconds.
  path: Assets/sprites/border_top.png
  artifactKey: Guid(073fc8dfd6c2ce94ba370449a4b14cf4) Importer(815301076,1909f56bfc062723c751e8b465ee728b)
Start importing Assets/sprites/border_top.png using Guid(073fc8dfd6c2ce94ba370449a4b14cf4) Importer(815301076,1909f56bfc062723c751e8b465ee728b)  -> (artifact id: '5001035de555e93978887980859e351b') in 0.008417 seconds
  Import took 0.011283 seconds .

========================================================================
Received Import Request.
  Time since last request: 0.000455 seconds.
  path: Assets/sprites/block_red.png
  artifactKey: Guid(22648f62ddacb4140b38a6ca7be2ff14) Importer(815301076,1909f56bfc062723c751e8b465ee728b)
Start importing Assets/sprites/block_red.png using Guid(22648f62ddacb4140b38a6ca7be2ff14) Importer(815301076,1909f56bfc062723c751e8b465ee728b)  -> (artifact id: '28076d35a4eb6c1ca3b166b178ad7f68') in 0.007444 seconds
  Import took 0.010670 seconds .

========================================================================
Received Import Request.
  Time since last request: 0.000231 seconds.
  path: Assets/sprites/block_blue.png
  artifactKey: Guid(defc88cd20d9f0c4d93b6a603ab559f6) Importer(815301076,1909f56bfc062723c751e8b465ee728b)
Start importing Assets/sprites/block_blue.png using Guid(defc88cd20d9f0c4d93b6a603ab559f6) Importer(815301076,1909f56bfc062723c751e8b465ee728b)  -> (artifact id: '50e60f4ab8d0e826bb998e66553d0cc6') in 0.009385 seconds
  Import took 0.012379 seconds .

AssetImportWorkerClient::OnTransportError - code=2 error=End of file
